Running on host node47-004
Time is Wed Oct 22 18:52:59 BST 2014
Directory is /panfs/panasas01/cosc/gf12815/D2Q9-BGK-fixed-lid.r623
PBS job ID is 1690110.master.cm.cluster
This jobs runs on the following machines:
node47-004
=============================
Using 1 cores.
=============================
==done==
Reynolds number:		9.757627487183E+00
Elapsed time:			34.955464 (s)
Elapsed user CPU time:		34.873698 (s)
Elapsed system CPU time:	0.000999 (s)
=============================
Using 2 cores.
=============================
==done==
Reynolds number:		9.757624626160E+00
Elapsed time:			17.906251 (s)
Elapsed user CPU time:		35.720569 (s)
Elapsed system CPU time:	0.004999 (s)
=============================
Using 3 cores.
=============================
==done==
Reynolds number:		9.757621765137E+00
Elapsed time:			12.284635 (s)
Elapsed user CPU time:		36.743414 (s)
Elapsed system CPU time:	0.013997 (s)
=============================
Using 4 cores.
=============================
==done==
Reynolds number:		9.757631301880E+00
Elapsed time:			9.312503 (s)
Elapsed user CPU time:		37.156351 (s)
Elapsed system CPU time:	0.001999 (s)
=============================
Using 5 cores.
=============================
==done==
Reynolds number:		9.757623672485E+00
Elapsed time:			7.827653 (s)
Elapsed user CPU time:		39.031066 (s)
Elapsed system CPU time:	0.006998 (s)
=============================
Using 6 cores.
=============================
==done==
Reynolds number:		9.757621765137E+00
Elapsed time:			6.597736 (s)
Elapsed user CPU time:		39.481997 (s)
Elapsed system CPU time:	0.002999 (s)
=============================
Using 7 cores.
=============================
==done==
Reynolds number:		9.757618904114E+00
Elapsed time:			5.865964 (s)
Elapsed user CPU time:		40.946775 (s)
Elapsed system CPU time:	0.002999 (s)
=============================
Using 8 cores.
=============================
==done==
Reynolds number:		9.757624626160E+00
Elapsed time:			5.440113 (s)
Elapsed user CPU time:		43.385404 (s)
Elapsed system CPU time:	0.011998 (s)
=============================
Using 9 cores.
=============================
==done==
Reynolds number:		9.757619857788E+00
Elapsed time:			4.887871 (s)
Elapsed user CPU time:		43.842334 (s)
Elapsed system CPU time:	0.021996 (s)
=============================
Using 10 cores.
=============================
==done==
Reynolds number:		9.757626533508E+00
Elapsed time:			4.630387 (s)
Elapsed user CPU time:		46.133986 (s)
Elapsed system CPU time:	0.014997 (s)
=============================
Using 11 cores.
=============================
==done==
Reynolds number:		9.757623672485E+00
Elapsed time:			4.627956 (s)
Elapsed user CPU time:		50.716289 (s)
Elapsed system CPU time:	0.032994 (s)
=============================
Using 12 cores.
=============================
==done==
Reynolds number:		9.757623672485E+00
Elapsed time:			4.188396 (s)
Elapsed user CPU time:		50.085385 (s)
Elapsed system CPU time:	0.019996 (s)
=============================
Using 13 cores.
=============================
==done==
Reynolds number:		9.757626533508E+00
Elapsed time:			4.123291 (s)
Elapsed user CPU time:		53.365887 (s)
Elapsed system CPU time:	0.028995 (s)
=============================
Using 14 cores.
=============================
==done==
Reynolds number:		9.757624626160E+00
Elapsed time:			3.935247 (s)
Elapsed user CPU time:		54.881656 (s)
Elapsed system CPU time:	0.029995 (s)
=============================
Using 15 cores.
=============================
==done==
Reynolds number:		9.757624626160E+00
Elapsed time:			3.773935 (s)
Elapsed user CPU time:		56.394426 (s)
Elapsed system CPU time:	0.018997 (s)
=============================
Using 16 cores.
=============================
==done==
Reynolds number:		9.757623672485E+00
Elapsed time:			4.885756 (s)
Elapsed user CPU time:		75.227563 (s)
Elapsed system CPU time:	0.448931 (s)
Done!
