Running on host node47-003
Time is Wed Oct 22 14:09:03 BST 2014
Directory is /panfs/panasas01/cosc/gf12815/D2Q9-BGK-fixed-lid.r623
PBS job ID is 1688606.master.cm.cluster
This jobs runs on the following machines:
node47-003
=============================
Using 1 cores.
=============================
==done==
Reynolds number:		9.757627487183E+00
Elapsed time:			36.939241 (s)
Elapsed user CPU time:		36.853397 (s)
Elapsed system CPU time:	0.000999 (s)
=============================
Using 2 cores.
=============================
==done==
Reynolds number:		9.757624626160E+00
Elapsed time:			18.910892 (s)
Elapsed user CPU time:		37.704268 (s)
Elapsed system CPU time:	0.014997 (s)
=============================
Using 3 cores.
=============================
==done==
Reynolds number:		9.757621765137E+00
Elapsed time:			13.056610 (s)
Elapsed user CPU time:		39.061061 (s)
Elapsed system CPU time:	0.008998 (s)
=============================
Using 4 cores.
=============================
==done==
Reynolds number:		9.757631301880E+00
Elapsed time:			9.992406 (s)
Elapsed user CPU time:		39.854941 (s)
Elapsed system CPU time:	0.011998 (s)
=============================
Using 5 cores.
=============================
==done==
Reynolds number:		9.757623672485E+00
Elapsed time:			8.390602 (s)
Elapsed user CPU time:		41.816642 (s)
Elapsed system CPU time:	0.024996 (s)
=============================
Using 6 cores.
=============================
==done==
Reynolds number:		9.757621765137E+00
Elapsed time:			7.138733 (s)
Elapsed user CPU time:		42.721505 (s)
Elapsed system CPU time:	0.001999 (s)
=============================
Using 7 cores.
=============================
==done==
Reynolds number:		9.757618904114E+00
Elapsed time:			6.154084 (s)
Elapsed user CPU time:		42.937472 (s)
Elapsed system CPU time:	0.020996 (s)
=============================
Using 8 cores.
=============================
==done==
Reynolds number:		9.757624626160E+00
Elapsed time:			5.552014 (s)
Elapsed user CPU time:		44.271269 (s)
Elapsed system CPU time:	0.014997 (s)
=============================
Using 9 cores.
=============================
==done==
Reynolds number:		9.757619857788E+00
Elapsed time:			5.247762 (s)
Elapsed user CPU time:		47.085841 (s)
Elapsed system CPU time:	0.009998 (s)
=============================
Using 10 cores.
=============================
==done==
Reynolds number:		9.757626533508E+00
Elapsed time:			4.849806 (s)
Elapsed user CPU time:		48.346650 (s)
Elapsed system CPU time:	0.017997 (s)
=============================
Using 11 cores.
=============================
==done==
Reynolds number:		9.757623672485E+00
Elapsed time:			4.635570 (s)
Elapsed user CPU time:		50.805276 (s)
Elapsed system CPU time:	0.035994 (s)
=============================
Using 12 cores.
=============================
==done==
Reynolds number:		9.757623672485E+00
Elapsed time:			4.260605 (s)
Elapsed user CPU time:		50.957253 (s)
Elapsed system CPU time:	0.008998 (s)
=============================
Using 13 cores.
=============================
==done==
Reynolds number:		9.757626533508E+00
Elapsed time:			4.210445 (s)
Elapsed user CPU time:		54.517712 (s)
Elapsed system CPU time:	0.048992 (s)
=============================
Using 14 cores.
=============================
==done==
Reynolds number:		9.757624626160E+00
Elapsed time:			4.052388 (s)
Elapsed user CPU time:		56.507409 (s)
Elapsed system CPU time:	0.045993 (s)
=============================
Using 15 cores.
=============================
==done==
Reynolds number:		9.757624626160E+00
Elapsed time:			4.008531 (s)
Elapsed user CPU time:		59.922890 (s)
Elapsed system CPU time:	0.024996 (s)
=============================
Using 16 cores.
=============================
==done==
Reynolds number:		9.757623672485E+00
Elapsed time:			3.601866 (s)
Elapsed user CPU time:		57.392275 (s)
Elapsed system CPU time:	0.014997 (s)
Done!
