Running on host node47-002
Time is Wed Oct 22 18:46:56 BST 2014
Directory is /panfs/panasas01/cosc/gf12815/D2Q9-BGK-fixed-lid.r623
PBS job ID is 1690082.master.cm.cluster
This jobs runs on the following machines:
node47-002
=============================
Using 1 cores.
=============================
==done==
Reynolds number:		9.757627487183E+00
Elapsed time:			35.011573 (s)
Elapsed user CPU time:		34.929689 (s)
Elapsed system CPU time:	0.000999 (s)
=============================
Using 2 cores.
=============================
==done==
Reynolds number:		9.757624626160E+00
Elapsed time:			17.866439 (s)
Elapsed user CPU time:		35.631583 (s)
Elapsed system CPU time:	0.005999 (s)
=============================
Using 3 cores.
=============================
==done==
Reynolds number:		9.757621765137E+00
Elapsed time:			12.381715 (s)
Elapsed user CPU time:		37.039369 (s)
Elapsed system CPU time:	0.009998 (s)
=============================
Using 4 cores.
=============================
==done==
Reynolds number:		9.757631301880E+00
Elapsed time:			9.392287 (s)
Elapsed user CPU time:		37.452306 (s)
Elapsed system CPU time:	0.004999 (s)
=============================
Using 5 cores.
=============================
==done==
Reynolds number:		9.757623672485E+00
Elapsed time:			7.999157 (s)
Elapsed user CPU time:		39.873938 (s)
Elapsed system CPU time:	0.017997 (s)
=============================
Using 6 cores.
=============================
==done==
Reynolds number:		9.757621765137E+00
Elapsed time:			6.597192 (s)
Elapsed user CPU time:		39.463000 (s)
Elapsed system CPU time:	0.011998 (s)
=============================
Using 7 cores.
=============================
==done==
Reynolds number:		9.757618904114E+00
Elapsed time:			5.880960 (s)
Elapsed user CPU time:		41.046759 (s)
Elapsed system CPU time:	0.005999 (s)
=============================
Using 8 cores.
=============================
==done==
Reynolds number:		9.757624626160E+00
Elapsed time:			5.172105 (s)
Elapsed user CPU time:		41.229732 (s)
Elapsed system CPU time:	0.005999 (s)
=============================
Using 9 cores.
=============================
==done==
Reynolds number:		9.757619857788E+00
Elapsed time:			4.922380 (s)
Elapsed user CPU time:		44.150288 (s)
Elapsed system CPU time:	0.022996 (s)
=============================
Using 10 cores.
=============================
==done==
Reynolds number:		9.757626533508E+00
Elapsed time:			4.593208 (s)
Elapsed user CPU time:		45.791038 (s)
Elapsed system CPU time:	0.008998 (s)
=============================
Using 11 cores.
=============================
==done==
Reynolds number:		9.757623672485E+00
Elapsed time:			4.431834 (s)
Elapsed user CPU time:		48.586613 (s)
Elapsed system CPU time:	0.024996 (s)
=============================
Using 12 cores.
=============================
==done==
Reynolds number:		9.757623672485E+00
Elapsed time:			4.311757 (s)
Elapsed user CPU time:		51.553162 (s)
Elapsed system CPU time:	0.026995 (s)
=============================
Using 13 cores.
=============================
==done==
Reynolds number:		9.757626533508E+00
Elapsed time:			4.043785 (s)
Elapsed user CPU time:		52.371038 (s)
Elapsed system CPU time:	0.033994 (s)
=============================
Using 14 cores.
=============================
==done==
Reynolds number:		9.757624626160E+00
Elapsed time:			3.836419 (s)
Elapsed user CPU time:		53.506865 (s)
Elapsed system CPU time:	0.021996 (s)
=============================
Using 15 cores.
=============================
==done==
Reynolds number:		9.757624626160E+00
Elapsed time:			3.808190 (s)
Elapsed user CPU time:		56.896350 (s)
Elapsed system CPU time:	0.033994 (s)
=============================
Using 16 cores.
=============================
==done==
Reynolds number:		9.757623672485E+00
Elapsed time:			3.435961 (s)
Elapsed user CPU time:		54.752676 (s)
Elapsed system CPU time:	0.018997 (s)
Done!
