Running on host node47-005
Time is Wed Oct 22 18:33:35 BST 2014
Directory is /panfs/panasas01/cosc/gf12815/D2Q9-BGK-fixed-lid.r623
PBS job ID is 1690029.master.cm.cluster
This jobs runs on the following machines:
node47-005
=============================
Using 1 cores.
=============================
==done==
Reynolds number:		9.757627487183E+00
Elapsed time:			34.952157 (s)
Elapsed user CPU time:		34.869699 (s)
Elapsed system CPU time:	0.001999 (s)
=============================
Using 2 cores.
=============================
==done==
Reynolds number:		9.757624626160E+00
Elapsed time:			17.928087 (s)
Elapsed user CPU time:		35.768562 (s)
Elapsed system CPU time:	0.003999 (s)
=============================
Using 3 cores.
=============================
==done==
Reynolds number:		9.757621765137E+00
Elapsed time:			12.437607 (s)
Elapsed user CPU time:		37.194345 (s)
Elapsed system CPU time:	0.005999 (s)
=============================
Using 4 cores.
=============================
==done==
Reynolds number:		9.757631301880E+00
Elapsed time:			9.455414 (s)
Elapsed user CPU time:		37.711267 (s)
Elapsed system CPU time:	0.013997 (s)
=============================
Using 5 cores.
=============================
==done==
Reynolds number:		9.757623672485E+00
Elapsed time:			7.916097 (s)
Elapsed user CPU time:		39.454002 (s)
Elapsed system CPU time:	0.025996 (s)
=============================
Using 6 cores.
=============================
==done==
Reynolds number:		9.757621765137E+00
Elapsed time:			6.664163 (s)
Elapsed user CPU time:		39.865939 (s)
Elapsed system CPU time:	0.012998 (s)
=============================
Using 7 cores.
=============================
==done==
Reynolds number:		9.757618904114E+00
Elapsed time:			6.052173 (s)
Elapsed user CPU time:		42.232579 (s)
Elapsed system CPU time:	0.016997 (s)
=============================
Using 8 cores.
=============================
==done==
Reynolds number:		9.757624626160E+00
Elapsed time:			5.197427 (s)
Elapsed user CPU time:		41.448698 (s)
Elapsed system CPU time:	0.006998 (s)
=============================
Using 9 cores.
=============================
==done==
Reynolds number:		9.757619857788E+00
Elapsed time:			4.966241 (s)
Elapsed user CPU time:		44.555226 (s)
Elapsed system CPU time:	0.016997 (s)
=============================
Using 10 cores.
=============================
==done==
Reynolds number:		9.757626533508E+00
Elapsed time:			4.614819 (s)
Elapsed user CPU time:		45.968011 (s)
Elapsed system CPU time:	0.024996 (s)
=============================
Using 11 cores.
=============================
==done==
Reynolds number:		9.757623672485E+00
Elapsed time:			4.432843 (s)
Elapsed user CPU time:		48.599611 (s)
Elapsed system CPU time:	0.010998 (s)
=============================
Using 12 cores.
=============================
==done==
Reynolds number:		9.757623672485E+00
Elapsed time:			4.255585 (s)
Elapsed user CPU time:		50.880265 (s)
Elapsed system CPU time:	0.027995 (s)
=============================
Using 13 cores.
=============================
==done==
Reynolds number:		9.757626533508E+00
Elapsed time:			3.962815 (s)
Elapsed user CPU time:		51.343194 (s)
Elapsed system CPU time:	0.028995 (s)
=============================
Using 14 cores.
=============================
==done==
Reynolds number:		9.757624626160E+00
Elapsed time:			3.838999 (s)
Elapsed user CPU time:		53.547859 (s)
Elapsed system CPU time:	0.021996 (s)
=============================
Using 15 cores.
=============================
==done==
Reynolds number:		9.757624626160E+00
Elapsed time:			3.702026 (s)
Elapsed user CPU time:		55.322589 (s)
Elapsed system CPU time:	0.007998 (s)
=============================
Using 16 cores.
=============================
==done==
Reynolds number:		9.757623672485E+00
Elapsed time:			3.509628 (s)
Elapsed user CPU time:		55.850509 (s)
Elapsed system CPU time:	0.031995 (s)
Done!
